<?xml version="1.0" encoding="UTF-8"?>
<!-- Generated by org.testng.reporters.JUnitReportReporter -->
<testsuite hostname="DESKTOP-3P5GVO3" failures="0" tests="1" name="runner.runner01" time="38.242" errors="0" timestamp="2021-03-16T17:29:03 IST" skipped="0">
  <testcase classname="runner.runner01" name="runScenario" time="38.242"/>
  <system-out/>
</testsuite> <!-- runner.runner01 -->
